<?xml version="1.0" encoding="UTF-8"?>
<!-- Generated by org.testng.reporters.JUnitXMLReporter -->
<testsuite ignored="0" hostname="DESKTOP-GRATAQO" failures="1" tests="2" name="SampleTest" time="40.703" errors="0" timestamp="2024-09-22T02:58:59 IST">
  <testcase classname="Tests.OnBoarding" name="testLogin" time="32.678">
    <failure type="org.openqa.selenium.NoSuchElementException" message="An element could not be located on the page using the given search parameters.
For documentation on this error, please visit: https://www.selenium.dev/documentation/webdriver/troubleshooting/errors#no-such-element-exception
Build info: version: &amp;apos;4.25.0&amp;apos;, revision: &amp;apos;8a8aea2337&amp;apos;
System info: os.name: &amp;apos;Windows 10&amp;apos;, os.arch: &amp;apos;amd64&amp;apos;, os.version: &amp;apos;10.0&amp;apos;, java.version: &amp;apos;22.0.2&amp;apos;
Driver info: io.appium.java_client.android.AndroidDriver
Command: [a4ab8780-4748-43b0-8042-5f422a63015c, findElement {using=accessibility id, value=Continue}]
Capabilities {appium:app: C:\application\app-release1..., appium:appPackage: com.pioneer.pioneer_dashcam..., appium:automationName: UiAutomator2, appium:databaseEnabled: false, appium:desired: {app: C:\application\app-release1..., automationName: UiAutomator2, deviceName: ZA222JX8DZ, newCommandTimeout: 3600, platformName: Android, platformVersion: 14}, appium:deviceApiLevel: 34, appium:deviceManufacturer: motorola, appium:deviceModel: moto g34 5G, appium:deviceName: ZA222JX8DZ, appium:deviceScreenDensity: 280, appium:deviceScreenSize: 720x1600, appium:deviceUDID: ZA222JX8DZ, appium:javascriptEnabled: true, appium:locationContextEnabled: false, appium:networkConnectionEnabled: true, appium:newCommandTimeout: 3600, appium:pixelRatio: 1.75, appium:platformVersion: 14, appium:statBarHeight: 77, appium:takesScreenshot: true, appium:viewportRect: {height: 1523, left: 0, top: 77, width: 720}, appium:warnings: {}, appium:webStorageEnabled: false, platformName: ANDROID}
Session ID: a4ab8780-4748-43b0-8042-5f422a63015c">
      <![CDATA[org.openqa.selenium.NoSuchElementException: An element could not be located on the page using the given search parameters.
For documentation on this error, please visit: https://www.selenium.dev/documentation/webdriver/troubleshooting/errors#no-such-element-exception
Build info: version: '4.25.0', revision: '8a8aea2337'
System info: os.name: 'Windows 10', os.arch: 'amd64', os.version: '10.0', java.version: '22.0.2'
Driver info: io.appium.java_client.android.AndroidDriver
Command: [a4ab8780-4748-43b0-8042-5f422a63015c, findElement {using=accessibility id, value=Continue}]
Capabilities {appium:app: C:\application\app-release1..., appium:appPackage: com.pioneer.pioneer_dashcam..., appium:automationName: UiAutomator2, appium:databaseEnabled: false, appium:desired: {app: C:\application\app-release1..., automationName: UiAutomator2, deviceName: ZA222JX8DZ, newCommandTimeout: 3600, platformName: Android, platformVersion: 14}, appium:deviceApiLevel: 34, appium:deviceManufacturer: motorola, appium:deviceModel: moto g34 5G, appium:deviceName: ZA222JX8DZ, appium:deviceScreenDensity: 280, appium:deviceScreenSize: 720x1600, appium:deviceUDID: ZA222JX8DZ, appium:javascriptEnabled: true, appium:locationContextEnabled: false, appium:networkConnectionEnabled: true, appium:newCommandTimeout: 3600, appium:pixelRatio: 1.75, appium:platformVersion: 14, appium:statBarHeight: 77, appium:takesScreenshot: true, appium:viewportRect: {height: 1523, left: 0, top: 77, width: 720}, appium:warnings: {}, appium:webStorageEnabled: false, platformName: ANDROID}
Session ID: a4ab8780-4748-43b0-8042-5f422a63015c
at org.openqa.selenium.remote.ErrorCodec.decode(ErrorCodec.java:167)
at org.openqa.selenium.remote.codec.w3c.W3CHttpResponseCodec.decode(W3CHttpResponseCodec.java:138)
at org.openqa.selenium.remote.codec.w3c.W3CHttpResponseCodec.decode(W3CHttpResponseCodec.java:50)
at org.openqa.selenium.remote.HttpCommandExecutor.execute(HttpCommandExecutor.java:190)
at io.appium.java_client.remote.AppiumCommandExecutor.execute(AppiumCommandExecutor.java:237)
at org.openqa.selenium.remote.RemoteWebDriver.execute(RemoteWebDriver.java:545)
at org.openqa.selenium.remote.ElementLocation$ElementFinder$2.findElement(ElementLocation.java:165)
at org.openqa.selenium.remote.ElementLocation.findElement(ElementLocation.java:59)
at org.openqa.selenium.remote.RemoteWebDriver.findElement(RemoteWebDriver.java:368)
at org.openqa.selenium.remote.RemoteWebDriver.findElement(RemoteWebDriver.java:362)
at Tests.OnBoarding.testLogin(OnBoarding.java:35)
at java.base/java.util.ArrayList.forEach(ArrayList.java:1597)
... Removed 28 stack frames]]>
    </failure>
  </testcase> <!-- testLogin -->
  <testcase classname="Tests.LiveView" name="new12" time="0.004"/>
</testsuite> <!-- SampleTest -->
